\BOOKMARK [0][-]{chapter*.5}{Nomenclature}{}% 1
\BOOKMARK [0][-]{chapter.1}{Introduction}{}% 2
\BOOKMARK [0][-]{chapter.2}{Principles}{}% 3
\BOOKMARK [1][-]{section.2.1}{Trello}{chapter.2}% 4
\BOOKMARK [2][-]{subsection.2.1.1}{How Trello works}{section.2.1}% 5
\BOOKMARK [2][-]{subsection.2.1.2}{Why Trello}{section.2.1}% 6
\BOOKMARK [2][-]{subsection.2.1.3}{Trello API}{section.2.1}% 7
\BOOKMARK [1][-]{section.2.2}{Ruby}{chapter.2}% 8
\BOOKMARK [2][-]{subsection.2.2.1}{RubyGems}{section.2.2}% 9
\BOOKMARK [2][-]{subsection.2.2.2}{Ruby and MySQL}{section.2.2}% 10
\BOOKMARK [1][-]{section.2.3}{JSON}{chapter.2}% 11
\BOOKMARK [0][-]{chapter.3}{Trello API wrapper}{}% 12
\BOOKMARK [1][-]{section.3.1}{Error handling}{chapter.3}% 13
\BOOKMARK [1][-]{section.3.2}{Command Line Interface}{chapter.3}% 14
\BOOKMARK [1][-]{section.3.3}{Handling of date and time}{chapter.3}% 15
\BOOKMARK [2][-]{subsection.3.3.1}{getDate\(date, format='de'\)}{section.3.3}% 16
\BOOKMARK [1][-]{section.3.4}{Collect data from Trello}{chapter.3}% 17
\BOOKMARK [1][-]{section.3.5}{Further information on a card}{chapter.3}% 18
\BOOKMARK [1][-]{section.3.6}{Member information}{chapter.3}% 19
\BOOKMARK [2][-]{subsection.3.6.1}{getMember\(memberId\)}{section.3.6}% 20
\BOOKMARK [2][-]{subsection.3.6.2}{isThisMe\(memberId\)}{section.3.6}% 21
\BOOKMARK [1][-]{section.3.7}{Accessing CMS}{chapter.3}% 22
\BOOKMARK [2][-]{subsection.3.7.1}{trelloJoomlaSync\(cardId, sectionid, catid, joomlaVersion\)}{section.3.7}% 23
\BOOKMARK [0][-]{chapter.4}{Applications}{}% 24
\BOOKMARK [1][-]{section.4.1}{Export to HTML}{chapter.4}% 25
\BOOKMARK [2][-]{subsection.4.1.1}{Markdown}{section.4.1}% 26
\BOOKMARK [2][-]{subsection.4.1.2}{Twitter Bootstrap Framework}{section.4.1}% 27
\BOOKMARK [2][-]{subsection.4.1.3}{HTML5}{section.4.1}% 28
\BOOKMARK [2][-]{subsection.4.1.4}{Templating with ERB}{section.4.1}% 29
\BOOKMARK [1][-]{section.4.2}{Synchronisation Google Calendar}{chapter.4}% 30
\BOOKMARK [2][-]{subsection.4.2.1}{Google Calendar API}{section.4.2}% 31
\BOOKMARK [2][-]{subsection.4.2.2}{Synchronisation}{section.4.2}% 32
\BOOKMARK [1][-]{section.4.3}{Export to iCalendar}{chapter.4}% 33
\BOOKMARK [2][-]{subsection.4.3.1}{iCalendar format}{section.4.3}% 34
\BOOKMARK [2][-]{subsection.4.3.2}{Export}{section.4.3}% 35
\BOOKMARK [2][-]{subsection.4.3.3}{Comparison to the Google Calendar synchronisation}{section.4.3}% 36
\BOOKMARK [1][-]{section.4.4}{synchronisation to Joomla}{chapter.4}% 37
\BOOKMARK [2][-]{subsection.4.4.1}{Joomla category page}{section.4.4}% 38
\BOOKMARK [2][-]{subsection.4.4.2}{Customising the design of Joomla}{section.4.4}% 39
\BOOKMARK [1][-]{section.4.5}{Backup}{chapter.4}% 40
\BOOKMARK [2][-]{subsection.4.5.1}{Export}{section.4.5}% 41
\BOOKMARK [2][-]{subsection.4.5.2}{Import}{section.4.5}% 42
\BOOKMARK [2][-]{subsection.4.5.3}{Member import}{section.4.5}% 43
\BOOKMARK [2][-]{subsection.4.5.4}{Close all boards}{section.4.5}% 44
\BOOKMARK [0][-]{chapter.5}{Conclusion}{}% 45
\BOOKMARK [0][-]{chapter.6}{Outlook}{}% 46
\BOOKMARK [1][-]{section.6.1}{Trello Alfred Extension}{chapter.6}% 47
\BOOKMARK [1][-]{section.6.2}{Native applications}{chapter.6}% 48
\BOOKMARK [0][-]{section.6.2}{Bibliography}{}% 49
\BOOKMARK [1][-]{chapter*.17}{Index}{section.6.2}% 50
