\BOOKMARK [0][-]{chapter*.5}{Nomenclature}{}% 1
\BOOKMARK [0][-]{chapter.1}{Introduction}{}% 2
\BOOKMARK [0][-]{chapter.2}{Principles}{}% 3
\BOOKMARK [1][-]{section.2.1}{Trello}{chapter.2}% 4
\BOOKMARK [2][-]{subsection.2.1.1}{How Trello works}{section.2.1}% 5
\BOOKMARK [2][-]{subsection.2.1.2}{Why Trello}{section.2.1}% 6
\BOOKMARK [2][-]{subsection.2.1.3}{Trello API}{section.2.1}% 7
\BOOKMARK [1][-]{section.2.2}{Ruby}{chapter.2}% 8
\BOOKMARK [2][-]{subsection.2.2.1}{RubyGems}{section.2.2}% 9
\BOOKMARK [1][-]{section.2.3}{JSON}{chapter.2}% 10
\BOOKMARK [0][-]{chapter.3}{Trello API wrapper}{}% 11
\BOOKMARK [1][-]{section.3.1}{Handling of date and time}{chapter.3}% 12
\BOOKMARK [0][-]{chapter.4}{Applications}{}% 13
\BOOKMARK [1][-]{section.4.1}{Command Line Interface}{chapter.4}% 14
\BOOKMARK [1][-]{section.4.2}{Export to HTML}{chapter.4}% 15
\BOOKMARK [2][-]{subsection.4.2.1}{Markdown}{section.4.2}% 16
\BOOKMARK [2][-]{subsection.4.2.2}{Twitter Bootstrap Framework}{section.4.2}% 17
\BOOKMARK [2][-]{subsection.4.2.3}{HTML5}{section.4.2}% 18
\BOOKMARK [2][-]{subsection.4.2.4}{Templating with ERB}{section.4.2}% 19
\BOOKMARK [1][-]{section.4.3}{Sync Google Calendar}{chapter.4}% 20
\BOOKMARK [1][-]{section.4.4}{Export to iCalendar}{chapter.4}% 21
\BOOKMARK [1][-]{section.4.5}{Sync to Joomla}{chapter.4}% 22
\BOOKMARK [1][-]{section.4.6}{Backup}{chapter.4}% 23
\BOOKMARK [2][-]{subsection.4.6.1}{Export}{section.4.6}% 24
\BOOKMARK [2][-]{subsection.4.6.2}{Import}{section.4.6}% 25
\BOOKMARK [2][-]{subsection.4.6.3}{Member import}{section.4.6}% 26
\BOOKMARK [2][-]{subsection.4.6.4}{Close all boards}{section.4.6}% 27
\BOOKMARK [0][-]{chapter.5}{Conclusion}{}% 28
\BOOKMARK [0][-]{chapter.6}{Outlook}{}% 29
\BOOKMARK [1][-]{section.6.1}{Trello Alfred Extension}{chapter.6}% 30
\BOOKMARK [1][-]{section.6.2}{Native applications}{chapter.6}% 31
\BOOKMARK [0][-]{section.6.2}{Bibliography}{}% 32
\BOOKMARK [1][-]{chapter*.16}{Index}{section.6.2}% 33
